

<!DOCTYPE html>
<html>

<head>
	<meta charset='UTF-8' /> 
	<meta name='description' content='' />
	<meta name='robots' content='noodp, noydir' />
	<meta name='viewport' content='width=device-width, initial-scale=1' />

	<link href='https://fonts.googleapis.com/css?family=Source+Sans+Pro:400,600' rel='stylesheet' type='text/css'>
	<link href="https://fonts.googleapis.com/icon?family=Material+Icons" rel="stylesheet">
	<link href='https://cdn.rawgit.com/anshooarora/extentreports-java/master/dist/css/extent.css' type='text/css' rel='stylesheet' />

	<title>ExtentReports</title>
	
</head>
	<body class='extent standard default hide-overflow '>
		<div id='theme-selector' alt='Click to toggle theme. To enable by default, use theme configuration.' title='Click to toggle theme. To enable by default, use theme configuration.'>
			<span><i class='material-icons'>desktop_windows</i></span>
		</div>

<nav>
	<div class="nav-wrapper">
		<a href="http://extentreports.relevantcodes.com" class="brand-logo blue darken-3">Extent</a>

		<!-- slideout menu -->
		<ul id='slide-out' class='side-nav fixed hide-on-med-and-down'>
			<li class='waves-effect active'><a href='#!' view='test-view' onclick="configureView(0);chartsView('test');"><i class='material-icons'>dashboard</i></a></li>
						<li class='waves-effect'><a href='#!' onclick="configureView(-1);chartsView('dashboard');" view='dashboard-view'><i class='material-icons'>track_changes</i></i></a></li>
		</ul>

		<!-- report name -->
		<span class='report-name'>Regression Testing</span>
		
		<!-- report headline -->
		<span class='report-headline'></span>

		<!-- nav-right -->
		<ul id='nav-mobile' class='right hide-on-med-and-down nav-right'>
			<a>
				<span class='suite-start-time'>Jun 18, 2019 1:22:17 PM</span>
			</a>
			<a>
				<span>v3.0.0</span>
			</a>
		</ul>
	</div>
</nav>
		<!-- container -->
		<div class='container'>

<div id='test-view' class='view'>
				
	<section id='controls'>
		<div class='controls grey lighten-4'>
			<!-- test toggle -->
			<div class='chip transparent'>
				<a class='dropdown-button tests-toggle' data-activates='tests-toggle' data-constrainwidth='true' data-beloworigin='true' data-hover='true' href='#'>
					<i class='material-icons'>warning</i> Status
				</a>
				<ul id='tests-toggle' class='dropdown-content'>
					<li status='pass'><a href='#!'>Pass <i class='material-icons green-text'>check_circle</i></a></li>
					<li status='fail'><a href='#!'>Fail <i class='material-icons red-text'>cancel</i></a></li>
					<li status='error'><a href='#!'>Error <i class='material-icons red-text lighten-2'>error</i></a></li>
					<li status='warning'><a href='#!'>Warning <i class='material-icons orange-text'>warning</i></a></li>
					<li status='skip'><a href='#!'>Skip <i class='material-icons cyan-text'>redo</i></a></li>
					<li class='divider'></li>
					<li status='clear' clear='true'><a href='#!'>Clear Filters <i class='material-icons'>clear</i></a></li>
				</ul>
			</div>
			<!-- test toggle -->

			<!-- category toggle -->
						<div class='chip transparent'>
				<a class='dropdown-button category-toggle' data-activates='category-toggle' data-constrainwidth='false' data-beloworigin='true' data-hover='true' href='#'>
					<i class='material-icons'>local_offer</i> Category
				</a>
				<ul id='category-toggle' class='dropdown-content'>
					<li class='divider'></li>
					<li class='clear'><a href='#!' clear='true'>Clear Filters</a></li>
				</ul>
			</div>
			<!-- category toggle -->

			<!-- clear filters -->
			<div class='chip transparent hide'>
				<a class='' id='clear-filters' alt='Clear Filters' title='Clear Filters'>
					<i class='material-icons'>close</i> Clear
				</a>
			</div>
			<!-- clear filters -->

			<!-- enable dashboard -->
			<div id='toggle-test-view-charts' class='chip transparent'>
				<a class='pink-text' id='enable-dashboard' alt='Enable Dashboard' title='Enable Dashboard'>
					<i class='material-icons'>track_changes</i> Dashboard
				</a>
			</div>
			<!-- enable dashboard -->

			<!-- search -->
			<div class='chip transparent' alt='Search Tests' title='Search Tests'>
				<a href="#" class='search-div'>
					<i class='material-icons'>search</i> Search
				</a>

				<div class='input-field left hide'>
					<input id='search-tests' type='text' class='validate browser-default' placeholder='Search Tests...'>
				</div>
				
			</div>
			<!-- search -->
		</div>
	</section>


<div id='test-view-charts' class='subview-full'>
	<div id='charts-row' class='row nm-v nm-h'>
		<div class='col s12 m6 l6 np-h'>
			<div class='card-panel nm-v'>
				<div class='left panel-name'>Tests</div>
				<div class='chart-box'>
					<canvas id='parent-analysis' width='100' height='80'></canvas>
				</div>
				<div class='block text-small'>
					<span><span class='strong'>0</span> test(s) passed</span>
				</div>
				<div class='block text-small'>
					<span class='strong'>27</span> test(s) failed, <span class='strong'>0</span> others
				</div>
			</div>
		</div>
		
		<div class='col s12 m6 l6 np-h'>
			<div class='card-panel nm-v'>
				<div class='left panel-name'>Steps</div>
				<div class='chart-box'>
					<canvas id='child-analysis' width='100' height='80'></canvas>
				</div>
				<div class='block text-small'>
					<span><span class='strong'>0</span> step(s) passed</span>
				</div>
				<div class='block text-small'>
					<span class='strong'>54</span> step(s) failed, <span class='strong'>0</span> others
				</div>
			</div>
		</div>
		
	</div>
</div>

	<div class='subview-left left'>
		
		<div class='view-summary'>
			<h5>Tests</h5>

			<ul id='test-collection' class='test-collection'>
				
				
				<li class='test displayed active  fail' status='fail' bdd='false' test-id='2'>
					<div class='test-heading'>
						<span class='test-name'>PresskeyTab</span>
						<span class='test-time'>Jun 18, 2019 1:22:20 PM</span>
						<span class='test-status right fail'>fail</span>
					</div>
					<div class='test-content hide'>
<div class='test-time-info'>
	<span class='label start-time'>Jun 18, 2019 1:22:20 PM</span>
	<span class='label end-time'>Jun 18, 2019 1:23:56 PM</span>
	<span class='label time-taken grey lighten-1 white-text'>0h 1m 35s+506ms</span>
</div>
	<div class='test-steps'>
		<table class='bordered table-results'>
			<thead>
				<tr>
					<th>Status</th>
					<th>Timestamp</th>
					<th>Details</th>
				</tr>
			</thead>
			<tbody>
				<tr class='log' status='fail'>
					<td class='status fail' title='fail' alt='fail'><i class='material-icons'>cancel</i></td>
					<td class='timestamp'>1:22:23 PM</td>
					<td class='step-details'>Test Case Failed is TC_01_PresskeyTab</td>
				</tr>
				<tr class='log' status='fail'>
					<td class='status fail' title='fail' alt='fail'><i class='material-icons'>cancel</i></td>
					<td class='timestamp'>1:22:23 PM</td>
					<td class='step-details'>Test Case Failed is org.openqa.selenium.TimeoutException: Expected condition failed: waiting for visibility of element located by By.xpath: Customer name must not be blank (tried for 0 second(s) with 500 milliseconds interval)</td>
				</tr>
			</tbody>
		</table>
	</div>
					</div>
				</li>
				
				
				<li class='test displayed active  fail' status='fail' bdd='false' test-id='3'>
					<div class='test-heading'>
						<span class='test-name'>inputNumberCustomerName</span>
						<span class='test-time'>Jun 18, 2019 1:22:23 PM</span>
						<span class='test-status right fail'>fail</span>
					</div>
					<div class='test-content hide'>
<div class='test-time-info'>
	<span class='label start-time'>Jun 18, 2019 1:22:23 PM</span>
	<span class='label end-time'>Jun 18, 2019 1:23:56 PM</span>
	<span class='label time-taken grey lighten-1 white-text'>0h 1m 32s+73ms</span>
</div>
	<div class='test-steps'>
		<table class='bordered table-results'>
			<thead>
				<tr>
					<th>Status</th>
					<th>Timestamp</th>
					<th>Details</th>
				</tr>
			</thead>
			<tbody>
				<tr class='log' status='fail'>
					<td class='status fail' title='fail' alt='fail'><i class='material-icons'>cancel</i></td>
					<td class='timestamp'>1:22:24 PM</td>
					<td class='step-details'>Test Case Failed is TC_02_inputNumberCustomerName</td>
				</tr>
				<tr class='log' status='fail'>
					<td class='status fail' title='fail' alt='fail'><i class='material-icons'>cancel</i></td>
					<td class='timestamp'>1:22:24 PM</td>
					<td class='step-details'>Test Case Failed is org.openqa.selenium.TimeoutException: Expected condition failed: waiting for visibility of element located by By.xpath: Numbers are not allowed (tried for 0 second(s) with 500 milliseconds interval)</td>
				</tr>
			</tbody>
		</table>
	</div>
					</div>
				</li>
				
				
				<li class='test displayed active  fail' status='fail' bdd='false' test-id='4'>
					<div class='test-heading'>
						<span class='test-name'>inputNumberSpecialCharacterName</span>
						<span class='test-time'>Jun 18, 2019 1:22:25 PM</span>
						<span class='test-status right fail'>fail</span>
					</div>
					<div class='test-content hide'>
<div class='test-time-info'>
	<span class='label start-time'>Jun 18, 2019 1:22:25 PM</span>
	<span class='label end-time'>Jun 18, 2019 1:23:56 PM</span>
	<span class='label time-taken grey lighten-1 white-text'>0h 1m 30s+681ms</span>
</div>
	<div class='test-steps'>
		<table class='bordered table-results'>
			<thead>
				<tr>
					<th>Status</th>
					<th>Timestamp</th>
					<th>Details</th>
				</tr>
			</thead>
			<tbody>
				<tr class='log' status='fail'>
					<td class='status fail' title='fail' alt='fail'><i class='material-icons'>cancel</i></td>
					<td class='timestamp'>1:22:25 PM</td>
					<td class='step-details'>Test Case Failed is TC_03_inputNumberSpecialCharacterName</td>
				</tr>
				<tr class='log' status='fail'>
					<td class='status fail' title='fail' alt='fail'><i class='material-icons'>cancel</i></td>
					<td class='timestamp'>1:22:25 PM</td>
					<td class='step-details'>Test Case Failed is org.openqa.selenium.TimeoutException: Expected condition failed: waiting for visibility of element located by By.xpath: Special characters are not allowed (tried for 0 second(s) with 500 milliseconds interval)</td>
				</tr>
			</tbody>
		</table>
	</div>
					</div>
				</li>
				
				
				<li class='test displayed active  fail' status='fail' bdd='false' test-id='5'>
					<div class='test-heading'>
						<span class='test-name'>pressKeyTabCustomerName</span>
						<span class='test-time'>Jun 18, 2019 1:22:26 PM</span>
						<span class='test-status right fail'>fail</span>
					</div>
					<div class='test-content hide'>
<div class='test-time-info'>
	<span class='label start-time'>Jun 18, 2019 1:22:26 PM</span>
	<span class='label end-time'>Jun 18, 2019 1:23:56 PM</span>
	<span class='label time-taken grey lighten-1 white-text'>0h 1m 29s+85ms</span>
</div>
	<div class='test-steps'>
		<table class='bordered table-results'>
			<thead>
				<tr>
					<th>Status</th>
					<th>Timestamp</th>
					<th>Details</th>
				</tr>
			</thead>
			<tbody>
				<tr class='log' status='fail'>
					<td class='status fail' title='fail' alt='fail'><i class='material-icons'>cancel</i></td>
					<td class='timestamp'>1:22:26 PM</td>
					<td class='step-details'>Test Case Failed is TC_04_pressKeyTabCustomerName</td>
				</tr>
				<tr class='log' status='fail'>
					<td class='status fail' title='fail' alt='fail'><i class='material-icons'>cancel</i></td>
					<td class='timestamp'>1:22:26 PM</td>
					<td class='step-details'>Test Case Failed is org.openqa.selenium.TimeoutException: Expected condition failed: waiting for visibility of element located by By.xpath: First character can not have space (tried for 0 second(s) with 500 milliseconds interval)</td>
				</tr>
			</tbody>
		</table>
	</div>
					</div>
				</li>
				
				
				<li class='test displayed active  fail' status='fail' bdd='false' test-id='6'>
					<div class='test-heading'>
						<span class='test-name'>pressKeyTabAddress</span>
						<span class='test-time'>Jun 18, 2019 1:22:28 PM</span>
						<span class='test-status right fail'>fail</span>
					</div>
					<div class='test-content hide'>
<div class='test-time-info'>
	<span class='label start-time'>Jun 18, 2019 1:22:28 PM</span>
	<span class='label end-time'>Jun 18, 2019 1:23:56 PM</span>
	<span class='label time-taken grey lighten-1 white-text'>0h 1m 27s+319ms</span>
</div>
	<div class='test-steps'>
		<table class='bordered table-results'>
			<thead>
				<tr>
					<th>Status</th>
					<th>Timestamp</th>
					<th>Details</th>
				</tr>
			</thead>
			<tbody>
				<tr class='log' status='fail'>
					<td class='status fail' title='fail' alt='fail'><i class='material-icons'>cancel</i></td>
					<td class='timestamp'>1:22:31 PM</td>
					<td class='step-details'>Test Case Failed is TC_05_pressKeyTabAddress</td>
				</tr>
				<tr class='log' status='fail'>
					<td class='status fail' title='fail' alt='fail'><i class='material-icons'>cancel</i></td>
					<td class='timestamp'>1:22:31 PM</td>
					<td class='step-details'>Test Case Failed is org.openqa.selenium.TimeoutException: Expected condition failed: waiting for visibility of element located by By.xpath: Address Field must not be blank (tried for 0 second(s) with 500 milliseconds interval)</td>
				</tr>
			</tbody>
		</table>
	</div>
					</div>
				</li>
				
				
				<li class='test displayed active  fail' status='fail' bdd='false' test-id='7'>
					<div class='test-heading'>
						<span class='test-name'>pressKeySpaceAddress</span>
						<span class='test-time'>Jun 18, 2019 1:22:33 PM</span>
						<span class='test-status right fail'>fail</span>
					</div>
					<div class='test-content hide'>
<div class='test-time-info'>
	<span class='label start-time'>Jun 18, 2019 1:22:33 PM</span>
	<span class='label end-time'>Jun 18, 2019 1:23:56 PM</span>
	<span class='label time-taken grey lighten-1 white-text'>0h 1m 22s+482ms</span>
</div>
	<div class='test-steps'>
		<table class='bordered table-results'>
			<thead>
				<tr>
					<th>Status</th>
					<th>Timestamp</th>
					<th>Details</th>
				</tr>
			</thead>
			<tbody>
				<tr class='log' status='fail'>
					<td class='status fail' title='fail' alt='fail'><i class='material-icons'>cancel</i></td>
					<td class='timestamp'>1:22:36 PM</td>
					<td class='step-details'>Test Case Failed is TC_06_pressKeySpaceAddress</td>
				</tr>
				<tr class='log' status='fail'>
					<td class='status fail' title='fail' alt='fail'><i class='material-icons'>cancel</i></td>
					<td class='timestamp'>1:22:36 PM</td>
					<td class='step-details'>Test Case Failed is org.openqa.selenium.TimeoutException: Expected condition failed: waiting for visibility of element located by By.xpath: First character can not have space (tried for 0 second(s) with 500 milliseconds interval)</td>
				</tr>
			</tbody>
		</table>
	</div>
					</div>
				</li>
				
				
				<li class='test displayed active  fail' status='fail' bdd='false' test-id='8'>
					<div class='test-heading'>
						<span class='test-name'>pressKeySpaceAddress</span>
						<span class='test-time'>Jun 18, 2019 1:22:37 PM</span>
						<span class='test-status right fail'>fail</span>
					</div>
					<div class='test-content hide'>
<div class='test-time-info'>
	<span class='label start-time'>Jun 18, 2019 1:22:37 PM</span>
	<span class='label end-time'>Jun 18, 2019 1:23:56 PM</span>
	<span class='label time-taken grey lighten-1 white-text'>0h 1m 18s+12ms</span>
</div>
	<div class='test-steps'>
		<table class='bordered table-results'>
			<thead>
				<tr>
					<th>Status</th>
					<th>Timestamp</th>
					<th>Details</th>
				</tr>
			</thead>
			<tbody>
				<tr class='log' status='fail'>
					<td class='status fail' title='fail' alt='fail'><i class='material-icons'>cancel</i></td>
					<td class='timestamp'>1:22:41 PM</td>
					<td class='step-details'>Test Case Failed is TC_08_pressKeyTabCity</td>
				</tr>
				<tr class='log' status='fail'>
					<td class='status fail' title='fail' alt='fail'><i class='material-icons'>cancel</i></td>
					<td class='timestamp'>1:22:41 PM</td>
					<td class='step-details'>Test Case Failed is org.openqa.selenium.TimeoutException: Expected condition failed: waiting for visibility of element located by By.xpath: City Field must not be blank (tried for 0 second(s) with 500 milliseconds interval)</td>
				</tr>
			</tbody>
		</table>
	</div>
					</div>
				</li>
				
				
				<li class='test displayed active  fail' status='fail' bdd='false' test-id='9'>
					<div class='test-heading'>
						<span class='test-name'>inputNumberCity</span>
						<span class='test-time'>Jun 18, 2019 1:22:42 PM</span>
						<span class='test-status right fail'>fail</span>
					</div>
					<div class='test-content hide'>
<div class='test-time-info'>
	<span class='label start-time'>Jun 18, 2019 1:22:42 PM</span>
	<span class='label end-time'>Jun 18, 2019 1:23:56 PM</span>
	<span class='label time-taken grey lighten-1 white-text'>0h 1m 13s+484ms</span>
</div>
	<div class='test-steps'>
		<table class='bordered table-results'>
			<thead>
				<tr>
					<th>Status</th>
					<th>Timestamp</th>
					<th>Details</th>
				</tr>
			</thead>
			<tbody>
				<tr class='log' status='fail'>
					<td class='status fail' title='fail' alt='fail'><i class='material-icons'>cancel</i></td>
					<td class='timestamp'>1:22:45 PM</td>
					<td class='step-details'>Test Case Failed is TC_09_inputNumberCity</td>
				</tr>
				<tr class='log' status='fail'>
					<td class='status fail' title='fail' alt='fail'><i class='material-icons'>cancel</i></td>
					<td class='timestamp'>1:22:45 PM</td>
					<td class='step-details'>Test Case Failed is org.openqa.selenium.TimeoutException: Expected condition failed: waiting for visibility of element located by By.xpath: Numbers are not allowed (tried for 0 second(s) with 500 milliseconds interval)</td>
				</tr>
			</tbody>
		</table>
	</div>
					</div>
				</li>
				
				
				<li class='test displayed active  fail' status='fail' bdd='false' test-id='10'>
					<div class='test-heading'>
						<span class='test-name'>inputspecialcharacterCity</span>
						<span class='test-time'>Jun 18, 2019 1:22:47 PM</span>
						<span class='test-status right fail'>fail</span>
					</div>
					<div class='test-content hide'>
<div class='test-time-info'>
	<span class='label start-time'>Jun 18, 2019 1:22:47 PM</span>
	<span class='label end-time'>Jun 18, 2019 1:23:56 PM</span>
	<span class='label time-taken grey lighten-1 white-text'>0h 1m 8s+687ms</span>
</div>
	<div class='test-steps'>
		<table class='bordered table-results'>
			<thead>
				<tr>
					<th>Status</th>
					<th>Timestamp</th>
					<th>Details</th>
				</tr>
			</thead>
			<tbody>
				<tr class='log' status='fail'>
					<td class='status fail' title='fail' alt='fail'><i class='material-icons'>cancel</i></td>
					<td class='timestamp'>1:22:50 PM</td>
					<td class='step-details'>Test Case Failed is TC_10_inputspecialcharacterCity</td>
				</tr>
				<tr class='log' status='fail'>
					<td class='status fail' title='fail' alt='fail'><i class='material-icons'>cancel</i></td>
					<td class='timestamp'>1:22:50 PM</td>
					<td class='step-details'>Test Case Failed is org.openqa.selenium.TimeoutException: Expected condition failed: waiting for visibility of element located by By.xpath: Special characters are not allowed (tried for 0 second(s) with 500 milliseconds interval)</td>
				</tr>
			</tbody>
		</table>
	</div>
					</div>
				</li>
				
				
				<li class='test displayed active  fail' status='fail' bdd='false' test-id='11'>
					<div class='test-heading'>
						<span class='test-name'>pressKeySpaceCity</span>
						<span class='test-time'>Jun 18, 2019 1:22:52 PM</span>
						<span class='test-status right fail'>fail</span>
					</div>
					<div class='test-content hide'>
<div class='test-time-info'>
	<span class='label start-time'>Jun 18, 2019 1:22:52 PM</span>
	<span class='label end-time'>Jun 18, 2019 1:23:56 PM</span>
	<span class='label time-taken grey lighten-1 white-text'>0h 1m 3s+886ms</span>
</div>
	<div class='test-steps'>
		<table class='bordered table-results'>
			<thead>
				<tr>
					<th>Status</th>
					<th>Timestamp</th>
					<th>Details</th>
				</tr>
			</thead>
			<tbody>
				<tr class='log' status='fail'>
					<td class='status fail' title='fail' alt='fail'><i class='material-icons'>cancel</i></td>
					<td class='timestamp'>1:22:55 PM</td>
					<td class='step-details'>Test Case Failed is TC_11_pressKeySpaceCity</td>
				</tr>
				<tr class='log' status='fail'>
					<td class='status fail' title='fail' alt='fail'><i class='material-icons'>cancel</i></td>
					<td class='timestamp'>1:22:55 PM</td>
					<td class='step-details'>Test Case Failed is org.openqa.selenium.TimeoutException: Expected condition failed: waiting for visibility of element located by By.xpath: First character can not have space (tried for 0 second(s) with 500 milliseconds interval)</td>
				</tr>
			</tbody>
		</table>
	</div>
					</div>
				</li>
				
				
				<li class='test displayed active  fail' status='fail' bdd='false' test-id='12'>
					<div class='test-heading'>
						<span class='test-name'>pressKeyTabState</span>
						<span class='test-time'>Jun 18, 2019 1:22:56 PM</span>
						<span class='test-status right fail'>fail</span>
					</div>
					<div class='test-content hide'>
<div class='test-time-info'>
	<span class='label start-time'>Jun 18, 2019 1:22:56 PM</span>
	<span class='label end-time'>Jun 18, 2019 1:23:56 PM</span>
	<span class='label time-taken grey lighten-1 white-text'>0h 0m 59s+738ms</span>
</div>
	<div class='test-steps'>
		<table class='bordered table-results'>
			<thead>
				<tr>
					<th>Status</th>
					<th>Timestamp</th>
					<th>Details</th>
				</tr>
			</thead>
			<tbody>
				<tr class='log' status='fail'>
					<td class='status fail' title='fail' alt='fail'><i class='material-icons'>cancel</i></td>
					<td class='timestamp'>1:22:59 PM</td>
					<td class='step-details'>Test Case Failed is TC_12_pressKeyTabState</td>
				</tr>
				<tr class='log' status='fail'>
					<td class='status fail' title='fail' alt='fail'><i class='material-icons'>cancel</i></td>
					<td class='timestamp'>1:22:59 PM</td>
					<td class='step-details'>Test Case Failed is org.openqa.selenium.TimeoutException: Expected condition failed: waiting for visibility of element located by By.xpath: State must not be blank (tried for 0 second(s) with 500 milliseconds interval)</td>
				</tr>
			</tbody>
		</table>
	</div>
					</div>
				</li>
				
				
				<li class='test displayed active  fail' status='fail' bdd='false' test-id='13'>
					<div class='test-heading'>
						<span class='test-name'>inputNumberState</span>
						<span class='test-time'>Jun 18, 2019 1:23:00 PM</span>
						<span class='test-status right fail'>fail</span>
					</div>
					<div class='test-content hide'>
<div class='test-time-info'>
	<span class='label start-time'>Jun 18, 2019 1:23:00 PM</span>
	<span class='label end-time'>Jun 18, 2019 1:23:56 PM</span>
	<span class='label time-taken grey lighten-1 white-text'>0h 0m 55s+121ms</span>
</div>
	<div class='test-steps'>
		<table class='bordered table-results'>
			<thead>
				<tr>
					<th>Status</th>
					<th>Timestamp</th>
					<th>Details</th>
				</tr>
			</thead>
			<tbody>
				<tr class='log' status='fail'>
					<td class='status fail' title='fail' alt='fail'><i class='material-icons'>cancel</i></td>
					<td class='timestamp'>1:23:03 PM</td>
					<td class='step-details'>Test Case Failed is TC_13_inputNumberState</td>
				</tr>
				<tr class='log' status='fail'>
					<td class='status fail' title='fail' alt='fail'><i class='material-icons'>cancel</i></td>
					<td class='timestamp'>1:23:03 PM</td>
					<td class='step-details'>Test Case Failed is org.openqa.selenium.TimeoutException: Expected condition failed: waiting for visibility of element located by By.xpath: Numbers are not allowed (tried for 0 second(s) with 500 milliseconds interval)</td>
				</tr>
			</tbody>
		</table>
	</div>
					</div>
				</li>
				
				
				<li class='test displayed active  fail' status='fail' bdd='false' test-id='14'>
					<div class='test-heading'>
						<span class='test-name'>inputspecialcharacterState</span>
						<span class='test-time'>Jun 18, 2019 1:23:04 PM</span>
						<span class='test-status right fail'>fail</span>
					</div>
					<div class='test-content hide'>
<div class='test-time-info'>
	<span class='label start-time'>Jun 18, 2019 1:23:04 PM</span>
	<span class='label end-time'>Jun 18, 2019 1:23:56 PM</span>
	<span class='label time-taken grey lighten-1 white-text'>0h 0m 51s+316ms</span>
</div>
	<div class='test-steps'>
		<table class='bordered table-results'>
			<thead>
				<tr>
					<th>Status</th>
					<th>Timestamp</th>
					<th>Details</th>
				</tr>
			</thead>
			<tbody>
				<tr class='log' status='fail'>
					<td class='status fail' title='fail' alt='fail'><i class='material-icons'>cancel</i></td>
					<td class='timestamp'>1:23:07 PM</td>
					<td class='step-details'>Test Case Failed is TC_14_inputSpecialCharacterState</td>
				</tr>
				<tr class='log' status='fail'>
					<td class='status fail' title='fail' alt='fail'><i class='material-icons'>cancel</i></td>
					<td class='timestamp'>1:23:07 PM</td>
					<td class='step-details'>Test Case Failed is org.openqa.selenium.TimeoutException: Expected condition failed: waiting for visibility of element located by By.xpath: Special characters are not allowed (tried for 0 second(s) with 500 milliseconds interval)</td>
				</tr>
			</tbody>
		</table>
	</div>
					</div>
				</li>
				
				
				<li class='test displayed active  fail' status='fail' bdd='false' test-id='15'>
					<div class='test-heading'>
						<span class='test-name'>pressKeyState</span>
						<span class='test-time'>Jun 18, 2019 1:23:08 PM</span>
						<span class='test-status right fail'>fail</span>
					</div>
					<div class='test-content hide'>
<div class='test-time-info'>
	<span class='label start-time'>Jun 18, 2019 1:23:08 PM</span>
	<span class='label end-time'>Jun 18, 2019 1:23:56 PM</span>
	<span class='label time-taken grey lighten-1 white-text'>0h 0m 47s+573ms</span>
</div>
	<div class='test-steps'>
		<table class='bordered table-results'>
			<thead>
				<tr>
					<th>Status</th>
					<th>Timestamp</th>
					<th>Details</th>
				</tr>
			</thead>
			<tbody>
				<tr class='log' status='fail'>
					<td class='status fail' title='fail' alt='fail'><i class='material-icons'>cancel</i></td>
					<td class='timestamp'>1:23:11 PM</td>
					<td class='step-details'>Test Case Failed is TC_15_pressKeyState</td>
				</tr>
				<tr class='log' status='fail'>
					<td class='status fail' title='fail' alt='fail'><i class='material-icons'>cancel</i></td>
					<td class='timestamp'>1:23:11 PM</td>
					<td class='step-details'>Test Case Failed is org.openqa.selenium.TimeoutException: Expected condition failed: waiting for visibility of element located by By.xpath: First character can not have space (tried for 0 second(s) with 500 milliseconds interval)</td>
				</tr>
			</tbody>
		</table>
	</div>
					</div>
				</li>
				
				
				<li class='test displayed active  fail' status='fail' bdd='false' test-id='16'>
					<div class='test-heading'>
						<span class='test-name'>inputNumberPinnotenough</span>
						<span class='test-time'>Jun 18, 2019 1:23:11 PM</span>
						<span class='test-status right fail'>fail</span>
					</div>
					<div class='test-content hide'>
<div class='test-time-info'>
	<span class='label start-time'>Jun 18, 2019 1:23:11 PM</span>
	<span class='label end-time'>Jun 18, 2019 1:23:56 PM</span>
	<span class='label time-taken grey lighten-1 white-text'>0h 0m 44s+45ms</span>
</div>
	<div class='test-steps'>
		<table class='bordered table-results'>
			<thead>
				<tr>
					<th>Status</th>
					<th>Timestamp</th>
					<th>Details</th>
				</tr>
			</thead>
			<tbody>
				<tr class='log' status='fail'>
					<td class='status fail' title='fail' alt='fail'><i class='material-icons'>cancel</i></td>
					<td class='timestamp'>1:23:15 PM</td>
					<td class='step-details'>Test Case Failed is TC_16_1_inputNumberPin</td>
				</tr>
				<tr class='log' status='fail'>
					<td class='status fail' title='fail' alt='fail'><i class='material-icons'>cancel</i></td>
					<td class='timestamp'>1:23:15 PM</td>
					<td class='step-details'>Test Case Failed is org.openqa.selenium.TimeoutException: Expected condition failed: waiting for visibility of element located by By.xpath: PIN Code must have 6 Digits (tried for 0 second(s) with 500 milliseconds interval)</td>
				</tr>
			</tbody>
		</table>
	</div>
					</div>
				</li>
				
				
				<li class='test displayed active  fail' status='fail' bdd='false' test-id='17'>
					<div class='test-heading'>
						<span class='test-name'>inputPinCharacter</span>
						<span class='test-time'>Jun 18, 2019 1:23:15 PM</span>
						<span class='test-status right fail'>fail</span>
					</div>
					<div class='test-content hide'>
<div class='test-time-info'>
	<span class='label start-time'>Jun 18, 2019 1:23:15 PM</span>
	<span class='label end-time'>Jun 18, 2019 1:23:56 PM</span>
	<span class='label time-taken grey lighten-1 white-text'>0h 0m 40s+180ms</span>
</div>
	<div class='test-steps'>
		<table class='bordered table-results'>
			<thead>
				<tr>
					<th>Status</th>
					<th>Timestamp</th>
					<th>Details</th>
				</tr>
			</thead>
			<tbody>
				<tr class='log' status='fail'>
					<td class='status fail' title='fail' alt='fail'><i class='material-icons'>cancel</i></td>
					<td class='timestamp'>1:23:18 PM</td>
					<td class='step-details'>Test Case Failed is TC_16_2_inputPinCharacter</td>
				</tr>
				<tr class='log' status='fail'>
					<td class='status fail' title='fail' alt='fail'><i class='material-icons'>cancel</i></td>
					<td class='timestamp'>1:23:18 PM</td>
					<td class='step-details'>Test Case Failed is org.openqa.selenium.TimeoutException: Expected condition failed: waiting for visibility of element located by By.xpath: Characters are not allowed (tried for 0 second(s) with 500 milliseconds interval)</td>
				</tr>
			</tbody>
		</table>
	</div>
					</div>
				</li>
				
				
				<li class='test displayed active  fail' status='fail' bdd='false' test-id='18'>
					<div class='test-heading'>
						<span class='test-name'>pressTabPin</span>
						<span class='test-time'>Jun 18, 2019 1:23:19 PM</span>
						<span class='test-status right fail'>fail</span>
					</div>
					<div class='test-content hide'>
<div class='test-time-info'>
	<span class='label start-time'>Jun 18, 2019 1:23:19 PM</span>
	<span class='label end-time'>Jun 18, 2019 1:23:56 PM</span>
	<span class='label time-taken grey lighten-1 white-text'>0h 0m 36s+354ms</span>
</div>
	<div class='test-steps'>
		<table class='bordered table-results'>
			<thead>
				<tr>
					<th>Status</th>
					<th>Timestamp</th>
					<th>Details</th>
				</tr>
			</thead>
			<tbody>
				<tr class='log' status='fail'>
					<td class='status fail' title='fail' alt='fail'><i class='material-icons'>cancel</i></td>
					<td class='timestamp'>1:23:22 PM</td>
					<td class='step-details'>Test Case Failed is TC_17_pressTabPin</td>
				</tr>
				<tr class='log' status='fail'>
					<td class='status fail' title='fail' alt='fail'><i class='material-icons'>cancel</i></td>
					<td class='timestamp'>1:23:22 PM</td>
					<td class='step-details'>Test Case Failed is org.openqa.selenium.TimeoutException: Expected condition failed: waiting for visibility of element located by By.xpath: PIN Code must not be blank (tried for 0 second(s) with 500 milliseconds interval)</td>
				</tr>
			</tbody>
		</table>
	</div>
					</div>
				</li>
				
				
				<li class='test displayed active  fail' status='fail' bdd='false' test-id='19'>
					<div class='test-heading'>
						<span class='test-name'>inputPinspecialCharacter</span>
						<span class='test-time'>Jun 18, 2019 1:23:23 PM</span>
						<span class='test-status right fail'>fail</span>
					</div>
					<div class='test-content hide'>
<div class='test-time-info'>
	<span class='label start-time'>Jun 18, 2019 1:23:23 PM</span>
	<span class='label end-time'>Jun 18, 2019 1:23:56 PM</span>
	<span class='label time-taken grey lighten-1 white-text'>0h 0m 32s+820ms</span>
</div>
	<div class='test-steps'>
		<table class='bordered table-results'>
			<thead>
				<tr>
					<th>Status</th>
					<th>Timestamp</th>
					<th>Details</th>
				</tr>
			</thead>
			<tbody>
				<tr class='log' status='fail'>
					<td class='status fail' title='fail' alt='fail'><i class='material-icons'>cancel</i></td>
					<td class='timestamp'>1:23:26 PM</td>
					<td class='step-details'>Test Case Failed is TC_19_inputPinspecialCharacter</td>
				</tr>
				<tr class='log' status='fail'>
					<td class='status fail' title='fail' alt='fail'><i class='material-icons'>cancel</i></td>
					<td class='timestamp'>1:23:26 PM</td>
					<td class='step-details'>Test Case Failed is org.openqa.selenium.TimeoutException: Expected condition failed: waiting for visibility of element located by By.xpath: Special characters are not allowed (tried for 0 second(s) with 500 milliseconds interval)</td>
				</tr>
			</tbody>
		</table>
	</div>
					</div>
				</li>
				
				
				<li class='test displayed active  fail' status='fail' bdd='false' test-id='20'>
					<div class='test-heading'>
						<span class='test-name'>pressTabPin</span>
						<span class='test-time'>Jun 18, 2019 1:23:26 PM</span>
						<span class='test-status right fail'>fail</span>
					</div>
					<div class='test-content hide'>
<div class='test-time-info'>
	<span class='label start-time'>Jun 18, 2019 1:23:26 PM</span>
	<span class='label end-time'>Jun 18, 2019 1:23:56 PM</span>
	<span class='label time-taken grey lighten-1 white-text'>0h 0m 29s+259ms</span>
</div>
	<div class='test-steps'>
		<table class='bordered table-results'>
			<thead>
				<tr>
					<th>Status</th>
					<th>Timestamp</th>
					<th>Details</th>
				</tr>
			</thead>
			<tbody>
				<tr class='log' status='fail'>
					<td class='status fail' title='fail' alt='fail'><i class='material-icons'>cancel</i></td>
					<td class='timestamp'>1:23:29 PM</td>
					<td class='step-details'>Test Case Failed is TC_20_pressTabPin</td>
				</tr>
				<tr class='log' status='fail'>
					<td class='status fail' title='fail' alt='fail'><i class='material-icons'>cancel</i></td>
					<td class='timestamp'>1:23:29 PM</td>
					<td class='step-details'>Test Case Failed is org.openqa.selenium.TimeoutException: Expected condition failed: waiting for visibility of element located by By.xpath: First character can not have space (tried for 0 second(s) with 500 milliseconds interval)</td>
				</tr>
			</tbody>
		</table>
	</div>
					</div>
				</li>
				
				
				<li class='test displayed active  fail' status='fail' bdd='false' test-id='21'>
					<div class='test-heading'>
						<span class='test-name'>pressTabMobileNumber</span>
						<span class='test-time'>Jun 18, 2019 1:23:30 PM</span>
						<span class='test-status right fail'>fail</span>
					</div>
					<div class='test-content hide'>
<div class='test-time-info'>
	<span class='label start-time'>Jun 18, 2019 1:23:30 PM</span>
	<span class='label end-time'>Jun 18, 2019 1:23:56 PM</span>
	<span class='label time-taken grey lighten-1 white-text'>0h 0m 25s+754ms</span>
</div>
	<div class='test-steps'>
		<table class='bordered table-results'>
			<thead>
				<tr>
					<th>Status</th>
					<th>Timestamp</th>
					<th>Details</th>
				</tr>
			</thead>
			<tbody>
				<tr class='log' status='fail'>
					<td class='status fail' title='fail' alt='fail'><i class='material-icons'>cancel</i></td>
					<td class='timestamp'>1:23:33 PM</td>
					<td class='step-details'>Test Case Failed is TC_21_pressTabMobileNumber</td>
				</tr>
				<tr class='log' status='fail'>
					<td class='status fail' title='fail' alt='fail'><i class='material-icons'>cancel</i></td>
					<td class='timestamp'>1:23:33 PM</td>
					<td class='step-details'>Test Case Failed is org.openqa.selenium.TimeoutException: Expected condition failed: waiting for visibility of element located by By.xpath: Mobile no must not be blank (tried for 0 second(s) with 500 milliseconds interval)</td>
				</tr>
			</tbody>
		</table>
	</div>
					</div>
				</li>
				
				
				<li class='test displayed active  fail' status='fail' bdd='false' test-id='22'>
					<div class='test-heading'>
						<span class='test-name'>pressSpaceMobileNumber</span>
						<span class='test-time'>Jun 18, 2019 1:23:33 PM</span>
						<span class='test-status right fail'>fail</span>
					</div>
					<div class='test-content hide'>
<div class='test-time-info'>
	<span class='label start-time'>Jun 18, 2019 1:23:33 PM</span>
	<span class='label end-time'>Jun 18, 2019 1:23:56 PM</span>
	<span class='label time-taken grey lighten-1 white-text'>0h 0m 22s+271ms</span>
</div>
	<div class='test-steps'>
		<table class='bordered table-results'>
			<thead>
				<tr>
					<th>Status</th>
					<th>Timestamp</th>
					<th>Details</th>
				</tr>
			</thead>
			<tbody>
				<tr class='log' status='fail'>
					<td class='status fail' title='fail' alt='fail'><i class='material-icons'>cancel</i></td>
					<td class='timestamp'>1:23:36 PM</td>
					<td class='step-details'>Test Case Failed is TC_22_pressSpaceMobileNumber</td>
				</tr>
				<tr class='log' status='fail'>
					<td class='status fail' title='fail' alt='fail'><i class='material-icons'>cancel</i></td>
					<td class='timestamp'>1:23:36 PM</td>
					<td class='step-details'>Test Case Failed is org.openqa.selenium.TimeoutException: Expected condition failed: waiting for visibility of element located by By.xpath: First character can not have space (tried for 0 second(s) with 500 milliseconds interval)</td>
				</tr>
			</tbody>
		</table>
	</div>
					</div>
				</li>
				
				
				<li class='test displayed active  fail' status='fail' bdd='false' test-id='23'>
					<div class='test-heading'>
						<span class='test-name'>inputNumberMobileNumber</span>
						<span class='test-time'>Jun 18, 2019 1:23:37 PM</span>
						<span class='test-status right fail'>fail</span>
					</div>
					<div class='test-content hide'>
<div class='test-time-info'>
	<span class='label start-time'>Jun 18, 2019 1:23:37 PM</span>
	<span class='label end-time'>Jun 18, 2019 1:23:56 PM</span>
	<span class='label time-taken grey lighten-1 white-text'>0h 0m 18s+762ms</span>
</div>
	<div class='test-steps'>
		<table class='bordered table-results'>
			<thead>
				<tr>
					<th>Status</th>
					<th>Timestamp</th>
					<th>Details</th>
				</tr>
			</thead>
			<tbody>
				<tr class='log' status='fail'>
					<td class='status fail' title='fail' alt='fail'><i class='material-icons'>cancel</i></td>
					<td class='timestamp'>1:23:40 PM</td>
					<td class='step-details'>Test Case Failed is TC_24_inputNumberMobileNumber</td>
				</tr>
				<tr class='log' status='fail'>
					<td class='status fail' title='fail' alt='fail'><i class='material-icons'>cancel</i></td>
					<td class='timestamp'>1:23:40 PM</td>
					<td class='step-details'>Test Case Failed is org.openqa.selenium.TimeoutException: Expected condition failed: waiting for visibility of element located by By.xpath: Characters are not allowed (tried for 0 second(s) with 500 milliseconds interval)</td>
				</tr>
			</tbody>
		</table>
	</div>
					</div>
				</li>
				
				
				<li class='test displayed active  fail' status='fail' bdd='false' test-id='24'>
					<div class='test-heading'>
						<span class='test-name'>inputspecialCharacterMobileNumber</span>
						<span class='test-time'>Jun 18, 2019 1:23:40 PM</span>
						<span class='test-status right fail'>fail</span>
					</div>
					<div class='test-content hide'>
<div class='test-time-info'>
	<span class='label start-time'>Jun 18, 2019 1:23:40 PM</span>
	<span class='label end-time'>Jun 18, 2019 1:23:56 PM</span>
	<span class='label time-taken grey lighten-1 white-text'>0h 0m 15s+285ms</span>
</div>
	<div class='test-steps'>
		<table class='bordered table-results'>
			<thead>
				<tr>
					<th>Status</th>
					<th>Timestamp</th>
					<th>Details</th>
				</tr>
			</thead>
			<tbody>
				<tr class='log' status='fail'>
					<td class='status fail' title='fail' alt='fail'><i class='material-icons'>cancel</i></td>
					<td class='timestamp'>1:23:43 PM</td>
					<td class='step-details'>Test Case Failed is TC_25_inputspecialCharacterMobileNumber</td>
				</tr>
				<tr class='log' status='fail'>
					<td class='status fail' title='fail' alt='fail'><i class='material-icons'>cancel</i></td>
					<td class='timestamp'>1:23:43 PM</td>
					<td class='step-details'>Test Case Failed is org.openqa.selenium.TimeoutException: Expected condition failed: waiting for visibility of element located by By.xpath: Special characters are not allowed (tried for 0 second(s) with 500 milliseconds interval)</td>
				</tr>
			</tbody>
		</table>
	</div>
					</div>
				</li>
				
				
				<li class='test displayed active  fail' status='fail' bdd='false' test-id='25'>
					<div class='test-heading'>
						<span class='test-name'>pressTabEmail</span>
						<span class='test-time'>Jun 18, 2019 1:23:44 PM</span>
						<span class='test-status right fail'>fail</span>
					</div>
					<div class='test-content hide'>
<div class='test-time-info'>
	<span class='label start-time'>Jun 18, 2019 1:23:44 PM</span>
	<span class='label end-time'>Jun 18, 2019 1:23:56 PM</span>
	<span class='label time-taken grey lighten-1 white-text'>0h 0m 11s+481ms</span>
</div>
	<div class='test-steps'>
		<table class='bordered table-results'>
			<thead>
				<tr>
					<th>Status</th>
					<th>Timestamp</th>
					<th>Details</th>
				</tr>
			</thead>
			<tbody>
				<tr class='log' status='fail'>
					<td class='status fail' title='fail' alt='fail'><i class='material-icons'>cancel</i></td>
					<td class='timestamp'>1:23:47 PM</td>
					<td class='step-details'>Test Case Failed is TC_26_pressTabEmail</td>
				</tr>
				<tr class='log' status='fail'>
					<td class='status fail' title='fail' alt='fail'><i class='material-icons'>cancel</i></td>
					<td class='timestamp'>1:23:47 PM</td>
					<td class='step-details'>Test Case Failed is org.openqa.selenium.TimeoutException: Expected condition failed: waiting for visibility of element located by By.xpath: Email-ID must not be blank (tried for 0 second(s) with 500 milliseconds interval)</td>
				</tr>
			</tbody>
		</table>
	</div>
					</div>
				</li>
				
				
				<li class='test displayed active  fail' status='fail' bdd='false' test-id='26'>
					<div class='test-heading'>
						<span class='test-name'>inputEmailnotdoccom</span>
						<span class='test-time'>Jun 18, 2019 1:23:48 PM</span>
						<span class='test-status right fail'>fail</span>
					</div>
					<div class='test-content hide'>
<div class='test-time-info'>
	<span class='label start-time'>Jun 18, 2019 1:23:48 PM</span>
	<span class='label end-time'>Jun 18, 2019 1:23:56 PM</span>
	<span class='label time-taken grey lighten-1 white-text'>0h 0m 7s+924ms</span>
</div>
	<div class='test-steps'>
		<table class='bordered table-results'>
			<thead>
				<tr>
					<th>Status</th>
					<th>Timestamp</th>
					<th>Details</th>
				</tr>
			</thead>
			<tbody>
				<tr class='log' status='fail'>
					<td class='status fail' title='fail' alt='fail'><i class='material-icons'>cancel</i></td>
					<td class='timestamp'>1:23:51 PM</td>
					<td class='step-details'>Test Case Failed is TC_27_1_inputEmailnotdoccom</td>
				</tr>
				<tr class='log' status='fail'>
					<td class='status fail' title='fail' alt='fail'><i class='material-icons'>cancel</i></td>
					<td class='timestamp'>1:23:51 PM</td>
					<td class='step-details'>Test Case Failed is org.openqa.selenium.TimeoutException: Expected condition failed: waiting for visibility of element located by By.xpath: Email-ID must not be blank (tried for 0 second(s) with 500 milliseconds interval)</td>
				</tr>
			</tbody>
		</table>
	</div>
					</div>
				</li>
				
				
				<li class='test displayed active  fail' status='fail' bdd='false' test-id='27'>
					<div class='test-heading'>
						<span class='test-name'>pressTabEmail</span>
						<span class='test-time'>Jun 18, 2019 1:23:51 PM</span>
						<span class='test-status right fail'>fail</span>
					</div>
					<div class='test-content hide'>
<div class='test-time-info'>
	<span class='label start-time'>Jun 18, 2019 1:23:51 PM</span>
	<span class='label end-time'>Jun 18, 2019 1:23:56 PM</span>
	<span class='label time-taken grey lighten-1 white-text'>0h 0m 4s+379ms</span>
</div>
	<div class='test-steps'>
		<table class='bordered table-results'>
			<thead>
				<tr>
					<th>Status</th>
					<th>Timestamp</th>
					<th>Details</th>
				</tr>
			</thead>
			<tbody>
				<tr class='log' status='fail'>
					<td class='status fail' title='fail' alt='fail'><i class='material-icons'>cancel</i></td>
					<td class='timestamp'>1:23:54 PM</td>
					<td class='step-details'>Test Case Failed is TC_29_pressTabEmail</td>
				</tr>
				<tr class='log' status='fail'>
					<td class='status fail' title='fail' alt='fail'><i class='material-icons'>cancel</i></td>
					<td class='timestamp'>1:23:54 PM</td>
					<td class='step-details'>Test Case Failed is org.openqa.selenium.TimeoutException: Expected condition failed: waiting for visibility of element located by By.xpath: First character can not have space (tried for 0 second(s) with 500 milliseconds interval)</td>
				</tr>
			</tbody>
		</table>
	</div>
					</div>
				</li>
				
				
				<li class='test displayed active  fail' status='fail' bdd='false' test-id='28'>
					<div class='test-heading'>
						<span class='test-name'>inputnewCustomervalid</span>
						<span class='test-time'>Jun 18, 2019 1:23:55 PM</span>
						<span class='test-status right fail'>fail</span>
					</div>
					<div class='test-content hide'>
<div class='test-time-info'>
	<span class='label start-time'>Jun 18, 2019 1:23:55 PM</span>
	<span class='label end-time'>Jun 18, 2019 1:23:56 PM</span>
	<span class='label time-taken grey lighten-1 white-text'>0h 0m 0s+866ms</span>
</div>
	<div class='test-steps'>
		<table class='bordered table-results'>
			<thead>
				<tr>
					<th>Status</th>
					<th>Timestamp</th>
					<th>Details</th>
				</tr>
			</thead>
			<tbody>
				<tr class='log' status='fail'>
					<td class='status fail' title='fail' alt='fail'><i class='material-icons'>cancel</i></td>
					<td class='timestamp'>1:23:55 PM</td>
					<td class='step-details'>Test Case Failed is TC_30_inputnewCustomervalid</td>
				</tr>
				<tr class='log' status='fail'>
					<td class='status fail' title='fail' alt='fail'><i class='material-icons'>cancel</i></td>
					<td class='timestamp'>1:23:55 PM</td>
					<td class='step-details'>Test Case Failed is org.openqa.selenium.TimeoutException: Expected condition failed: waiting for visibility of Proxy element for: DefaultElementLocator 'By.cssSelector: input[@value=Submit]' (tried for 0 second(s) with 500 milliseconds interval)</td>
				</tr>
			</tbody>
		</table>
	</div>
					</div>
				</li>
			</ul>
		</div>
	</div>
	<!-- subview left -->

	<div class='subview-right left'>
		<div class='view-summary'>
			<h5 class='test-name'></h5>

			<div id='step-filters' class="right">
				<span class="blue-text" status="info" alt="info" title="info"><i class="material-icons">info_outline</i></span>
				<span class="green-text" status="pass" alt="pass" title="pass"><i class="material-icons">check_circle</i></span>
				<span class="red-text" status="fail" alt="fail" title="fail"><i class="material-icons">cancel</i></span>
				<span class="red-text text-darken-4" status="fatal" alt="fatal" title="fatal"><i class="material-icons">cancel</i></span>
				<span class="pink-text text-lighten-1" status="error" alt="error" title="error"><i class="material-icons">error</i></span>
				<span class="orange-text" alt="warning" status="warning" title="warning"><i class="material-icons">warning</i></span>
				<span class="teal-text" status="skip" alt="skip" title="skip"><i class="material-icons">redo</i></span>
				<span status="clear" alt="Clear filters" title="Clear filters"><i class="material-icons">clear</i></span>
			</div>
		</div>
	</div>
	<!-- subview right -->

</div>
<!-- test view --><!-- category view --><!-- exception view --><div id='dashboard-view' class='view hide'>
	<div class='card-panel transparent np-v'>
		<h5>Dashboard</h5>

		<div class='row'>
			<div class='col s2'>
				<div class='card-panel r'>
					Tests
					<div class='panel-lead'>27</div>
				</div>
			</div>
			<div class='col s2'>
				<div class='card-panel r'>
					Steps
					<div class='panel-lead'>54</div>
				</div>
			</div>
			<div class='col s2'>
				<div class='card-panel r'>
					Start
					<div class='panel-lead'>Jun 18, 2019 1:22:17 PM</div>
				</div>
			</div>
			<div class='col s2'>
				<div class='card-panel r'>
			 		End
			 		<div class='panel-lead'>Jun 18, 2019 1:23:56 PM</div>
				</div>
			</div>
			<div class='col s2'>
				<div class='card-panel r'>
					Time Taken
					<div class='panel-lead'>98,013ms</div>
				</div>
			</div>
			<div class='col s4'>
				<div class='card-panel'>
					<span class='right label cyan white-text'>Environment</span><p>&nbsp;</p>
					
					<table>
						<tr>
							<th>Name</th>
							<th>Value</th>
						</tr>
						<tr>
							<td>User Name</td>
							<td>Administrator</td>
						</tr>
						<tr>
							<td>OS</td>
							<td>Windows 7</td>
						</tr>
						<tr>
							<td>Java Version</td>
							<td>1.8.0_201</td>
						</tr>
						<tr>
							<td>Host Name</td>
							<td>Ty_Nguyen</td>
						</tr>
					</table>
				</div>
			</div>
		</div>
	</div>
</div>
<!-- dashboard view --><!-- testrunner-logs view -->
		</div>
		<!-- container -->

		<script>
			var statusGroup = {
				passParent: 0,
				failParent: 27,
				fatalParent: 0,
				errorParent: 0,
				warningParent: 0,
				skipParent: 0,
				unknownParent: 0,
				
				passChild: 0,
				failChild: 54,
				fatalChild: 0,
				errorChild: 0,
				warningChild: 0,
				skipChild: 0,
				unknownChild: 0,
				infoChild: 0,
				
				passGrandChild: 0,
				failGrandChild: 0,
				fatalGrandChild: 0,
				errorGrandChild: 0,
				warningGrandChild: 0,
				skipGrandChild: 0,
				unknownGrandChild: 0,
				infoGrandChild: 0
			};
		</script>

		<script src='https://cdn.rawgit.com/anshooarora/extentreports-java/master/dist/js/extent.js' type='text/javascript'></script>
		
		
	</body>
	
</html>
